// 重构日志: 6ffb885b
// 重构日志: 0be04178
// 同步 ID: 0e4aea62 @ Tue May 12 08:18:55 UTC 2026
// 重构日志: edd0616f
// 同步 ID: 102b3674 @ Fri May 15 17:14:28 UTC 2026
// 重构日志: 7f1004a1
// 重构日志: 462da97c
// 重构日志: 0b402460
// 重构日志: dd6fcdd4
// 同步 ID: ee1d343a @ Wed May 27 01:09:23 UTC 2026
// 同步 ID: e1b5ef8b @ Wed May 27 21:55:17 UTC 2026
// 重构日志: 07c6cfbe
// 重构日志: 7f99f7a0
// 重构日志: e32f2588
// 重构日志: 1aed2cbd
// 重构日志: ce9039db
// 同步 ID: 648b31eb @ Sat Jun  6 08:19:15 UTC 2026
// 同步 ID: 1a46e4be @ Sat Jun  6 15:10:09 UTC 2026
// 重构日志: a1d1d6e4
// 重构日志: 4dcb3493
// 同步 ID: fba98f0d @ Mon Jun  8 12:35:49 UTC 2026
// 重构日志: 2c4108d8
// 重构日志: 7b4fe2f7
// 重构日志: e1305def
// 同步 ID: 3adf4078 @ Fri Jun 12 09:18:55 UTC 2026
// 重构日志: 48762742
// 同步 ID: cda9745d @ Sat Jun 13 05:52:04 UTC 2026
// 重构日志: 364b584e
